2023-08-06 05:15:09.639534 - Initialized conversion of CBT566
2023-08-06 05:15:10.691533 - Received CBT.V505.FILE566.PDS from FILE566.XMI 
2023-08-06 05:15:10.693712 - Found $$$#DATE.txt (text/plain) in CBT.V505.FILE566.PDS, moved to PDS/$$$#DATE
2023-08-06 05:15:10.694603 - Found $$$READ.txt (text/plain) in CBT.V505.FILE566.PDS, moved to PDS/$$$READ
2023-08-06 05:15:10.695846 - Found $$INDEX.txt (text/plain) in CBT.V505.FILE566.PDS, moved to PDS/$$INDEX
2023-08-06 05:15:10.696906 - Found $$NOTE01.txt (text/plain) in CBT.V505.FILE566.PDS, moved to PDS/$$NOTE01
2023-08-06 05:15:10.697830 - Found $$NOTE02.txt (text/plain) in CBT.V505.FILE566.PDS, moved to PDS/$$NOTE02
2023-08-06 05:15:10.698814 - Found $$NOTE03.txt (text/plain) in CBT.V505.FILE566.PDS, moved to PDS/$$NOTE03
2023-08-06 05:15:10.699847 - Found $$NOTE04.txt (text/plain) in CBT.V505.FILE566.PDS, moved to PDS/$$NOTE04
2023-08-06 05:15:10.700779 - Found $CALL.txt (text/plain) in CBT.V505.FILE566.PDS, moved to PDS/$CALL
2023-08-06 05:15:10.701737 - Found $CMD.txt (text/plain) in CBT.V505.FILE566.PDS, moved to PDS/$CMD
2023-08-06 05:15:10.702703 - Found #ASMALL.jcl (text/plain) in CBT.V505.FILE566.PDS, moved to PDS/#ASMALL
2023-08-06 05:15:10.703697 - Found @FILE566.txt (text/plain) in CBT.V505.FILE566.PDS, moved to PDS/@FILE566
2023-08-06 05:15:10.704637 - Found APFLIST.txt (text/plain) in CBT.V505.FILE566.PDS, moved to PDS/APFLIST
2023-08-06 05:15:10.705602 - Found APFLIST0.txt (text/plain) in CBT.V505.FILE566.PDS, moved to PDS/APFLIST0
2023-08-06 05:15:10.706623 - Found APUT.txt (text/plain) in CBT.V505.FILE566.PDS, moved to PDS/APUT
2023-08-06 05:15:10.707597 - Found CLISTS.txt (text/plain) in CBT.V505.FILE566.PDS, moved to PDS/CLISTS
2023-08-06 05:15:10.708473 - Found CONNECT.txt (text/plain) in CBT.V505.FILE566.PDS, moved to PDS/CONNECT
2023-08-06 05:15:10.709414 - Found CONSOLE.txt (text/plain) in CBT.V505.FILE566.PDS, moved to PDS/CONSOLE
2023-08-06 05:15:10.710430 - Found COPYTP.txt (text/plain) in CBT.V505.FILE566.PDS, moved to PDS/COPYTP
2023-08-06 05:15:10.711403 - Found COPYTPX.txt (text/plain) in CBT.V505.FILE566.PDS, moved to PDS/COPYTPX
2023-08-06 05:15:10.712289 - Found COPYTPX$.jcl (text/plain) in CBT.V505.FILE566.PDS, moved to PDS/COPYTPX$
2023-08-06 05:15:10.713207 - Found DSCATNAM.txt (text/plain) in CBT.V505.FILE566.PDS, moved to PDS/DSCATNAM
2023-08-06 05:15:10.714253 - Found DSCPPL.txt (text/plain) in CBT.V505.FILE566.PDS, moved to PDS/DSCPPL
2023-08-06 05:15:10.715213 - Found DSDSM08.txt (text/plain) in CBT.V505.FILE566.PDS, moved to PDS/DSDSM08
2023-08-06 05:15:10.716225 - Found DSUNARC.txt (text/plain) in CBT.V505.FILE566.PDS, moved to PDS/DSUNARC
2023-08-06 05:15:10.717177 - Found DSWTO.txt (text/plain) in CBT.V505.FILE566.PDS, moved to PDS/DSWTO
2023-08-06 05:15:10.718180 - Found DSWTOMSG.txt (text/plain) in CBT.V505.FILE566.PDS, moved to PDS/DSWTOMSG
2023-08-06 05:15:10.719063 - Found DUMPACE$.jcl (text/plain) in CBT.V505.FILE566.PDS, moved to PDS/DUMPACE$
2023-08-06 05:15:10.720040 - Found DUMPACEE.txt (text/plain) in CBT.V505.FILE566.PDS, moved to PDS/DUMPACEE
2023-08-06 05:15:10.720900 - Found DUMPASC$.jcl (text/plain) in CBT.V505.FILE566.PDS, moved to PDS/DUMPASC$
2023-08-06 05:15:10.721888 - Found DUMPASCB.txt (text/plain) in CBT.V505.FILE566.PDS, moved to PDS/DUMPASCB
2023-08-06 05:15:10.722873 - Found DUMPASCO.txt (text/plain) in CBT.V505.FILE566.PDS, moved to PDS/DUMPASCO
2023-08-06 05:15:10.723764 - Found DUMPASS$.jcl (text/plain) in CBT.V505.FILE566.PDS, moved to PDS/DUMPASS$
2023-08-06 05:15:10.724622 - Found DUMPASSB.txt (text/plain) in CBT.V505.FILE566.PDS, moved to PDS/DUMPASSB
2023-08-06 05:15:10.725536 - Found DUMPASV$.jcl (text/plain) in CBT.V505.FILE566.PDS, moved to PDS/DUMPASV$
2023-08-06 05:15:10.726425 - Found DUMPASVT.txt (text/plain) in CBT.V505.FILE566.PDS, moved to PDS/DUMPASVT
2023-08-06 05:15:10.727458 - Found DUMPCSC$.jcl (text/plain) in CBT.V505.FILE566.PDS, moved to PDS/DUMPCSC$
2023-08-06 05:15:10.728330 - Found DUMPCSCB.txt (text/plain) in CBT.V505.FILE566.PDS, moved to PDS/DUMPCSCB
2023-08-06 05:15:10.729206 - Found DUMPCSCO.txt (text/plain) in CBT.V505.FILE566.PDS, moved to PDS/DUMPCSCO
2023-08-06 05:15:10.730140 - Found DUMPINM$.jcl (text/plain) in CBT.V505.FILE566.PDS, moved to PDS/DUMPINM$
2023-08-06 05:15:10.730959 - Found DUMPINMX.txt (text/plain) in CBT.V505.FILE566.PDS, moved to PDS/DUMPINMX
2023-08-06 05:15:10.731743 - Found DUMPIOV$.jcl (text/plain) in CBT.V505.FILE566.PDS, moved to PDS/DUMPIOV$
2023-08-06 05:15:10.732549 - Found DUMPIOVT.txt (text/plain) in CBT.V505.FILE566.PDS, moved to PDS/DUMPIOVT
2023-08-06 05:15:10.733389 - Found DUMPJCT.txt (text/plain) in CBT.V505.FILE566.PDS, moved to PDS/DUMPJCT
2023-08-06 05:15:10.734360 - Found DUMPJCT$.jcl (text/plain) in CBT.V505.FILE566.PDS, moved to PDS/DUMPJCT$
2023-08-06 05:15:10.735246 - Found DUMPJCTO.txt (text/plain) in CBT.V505.FILE566.PDS, moved to PDS/DUMPJCTO
2023-08-06 05:15:10.736071 - Found DUMPLCT.txt (text/plain) in CBT.V505.FILE566.PDS, moved to PDS/DUMPLCT
2023-08-06 05:15:10.737051 - Found DUMPLCT$.jcl (text/plain) in CBT.V505.FILE566.PDS, moved to PDS/DUMPLCT$
2023-08-06 05:15:10.737972 - Found DUMPLCTO.txt (text/plain) in CBT.V505.FILE566.PDS, moved to PDS/DUMPLCTO
2023-08-06 05:15:10.755701 - Found DUMPLIB.xmi (application/xmit) in CBT.V505.FILE566.PDS
2023-08-06 05:15:10.762300   - Received RECFM=U data, stored XMIT file as CBT566/DUMPLIB.xmi
2023-08-06 05:15:10.763289 - Found DUMPLWA.txt (text/plain) in CBT.V505.FILE566.PDS, moved to PDS/DUMPLWA
2023-08-06 05:15:10.764152 - Found DUMPLWA$.jcl (text/plain) in CBT.V505.FILE566.PDS, moved to PDS/DUMPLWA$
2023-08-06 05:15:10.765031 - Found DUMPLWAO.txt (text/plain) in CBT.V505.FILE566.PDS, moved to PDS/DUMPLWAO
2023-08-06 05:15:10.765896 - Found DUMPLWA1.txt (text/plain) in CBT.V505.FILE566.PDS, moved to PDS/DUMPLWA1
2023-08-06 05:15:10.766761 - Found DUMPPCC$.jcl (text/plain) in CBT.V505.FILE566.PDS, moved to PDS/DUMPPCC$
2023-08-06 05:15:10.767703 - Found DUMPPCCB.txt (text/plain) in CBT.V505.FILE566.PDS, moved to PDS/DUMPPCCB
2023-08-06 05:15:10.768569 - Found DUMPPCCO.txt (text/plain) in CBT.V505.FILE566.PDS, moved to PDS/DUMPPCCO
2023-08-06 05:15:10.769456 - Found DUMPPPT.txt (text/plain) in CBT.V505.FILE566.PDS, moved to PDS/DUMPPPT
2023-08-06 05:15:10.770441 - Found DUMPPPT$.jcl (text/plain) in CBT.V505.FILE566.PDS, moved to PDS/DUMPPPT$
2023-08-06 05:15:10.771417 - Found DUMPPRB.txt (text/plain) in CBT.V505.FILE566.PDS, moved to PDS/DUMPPRB
2023-08-06 05:15:10.772414 - Found DUMPPRB$.jcl (text/plain) in CBT.V505.FILE566.PDS, moved to PDS/DUMPPRB$
2023-08-06 05:15:10.773360 - Found DUMPPRBO.txt (text/plain) in CBT.V505.FILE566.PDS, moved to PDS/DUMPPRBO
2023-08-06 05:15:10.774272 - Found DUMPSCT.txt (text/plain) in CBT.V505.FILE566.PDS, moved to PDS/DUMPSCT
2023-08-06 05:15:10.775163 - Found DUMPSCT$.jcl (text/plain) in CBT.V505.FILE566.PDS, moved to PDS/DUMPSCT$
2023-08-06 05:15:10.776068 - Found DUMPSCTO.txt (text/plain) in CBT.V505.FILE566.PDS, moved to PDS/DUMPSCTO
2023-08-06 05:15:10.776968 - Found DUMPTCT.txt (text/plain) in CBT.V505.FILE566.PDS, moved to PDS/DUMPTCT
2023-08-06 05:15:10.777979 - Found DUMPTCT$.jcl (text/plain) in CBT.V505.FILE566.PDS, moved to PDS/DUMPTCT$
2023-08-06 05:15:10.778817 - Found DUMPTCTO.txt (text/plain) in CBT.V505.FILE566.PDS, moved to PDS/DUMPTCTO
2023-08-06 05:15:10.779636 - Found DUMPTIO$.jcl (text/plain) in CBT.V505.FILE566.PDS, moved to PDS/DUMPTIO$
2023-08-06 05:15:10.780438 - Found DUMPTIOO.txt (text/plain) in CBT.V505.FILE566.PDS, moved to PDS/DUMPTIOO
2023-08-06 05:15:10.781272 - Found DUMPTIOT.txt (text/plain) in CBT.V505.FILE566.PDS, moved to PDS/DUMPTIOT
2023-08-06 05:15:10.782296 - Found DUMPTSB.txt (text/plain) in CBT.V505.FILE566.PDS, moved to PDS/DUMPTSB
2023-08-06 05:15:10.783157 - Found DUMPTSB$.jcl (text/plain) in CBT.V505.FILE566.PDS, moved to PDS/DUMPTSB$
2023-08-06 05:15:10.784007 - Found DUMPTSBO.txt (text/plain) in CBT.V505.FILE566.PDS, moved to PDS/DUMPTSBO
2023-08-06 05:15:10.784867 - Found DUMPTSV$.jcl (text/plain) in CBT.V505.FILE566.PDS, moved to PDS/DUMPTSV$
2023-08-06 05:15:10.785772 - Found DUMPTSVT.txt (text/plain) in CBT.V505.FILE566.PDS, moved to PDS/DUMPTSVT
2023-08-06 05:15:10.786747 - Found DYNAM.txt (text/plain) in CBT.V505.FILE566.PDS, moved to PDS/DYNAM
2023-08-06 05:15:10.787754 - Found DYNAMDOC.txt (text/plain) in CBT.V505.FILE566.PDS, moved to PDS/DYNAMDOC
2023-08-06 05:15:10.788649 - Found EPUTL.txt (text/plain) in CBT.V505.FILE566.PDS, moved to PDS/EPUTL
2023-08-06 05:15:10.789745 - Found FIXDSCB.txt (text/plain) in CBT.V505.FILE566.PDS, moved to PDS/FIXDSCB
2023-08-06 05:15:10.790697 - Found FIXDSCB$.jcl (text/plain) in CBT.V505.FILE566.PDS, moved to PDS/FIXDSCB$
2023-08-06 05:15:10.791919 - Found FIXDSCB1.txt (text/plain) in CBT.V505.FILE566.PDS, moved to PDS/FIXDSCB1
2023-08-06 05:15:10.792968 - Found FIXDSCB2.txt (text/plain) in CBT.V505.FILE566.PDS, moved to PDS/FIXDSCB2
2023-08-06 05:15:10.793906 - Found GENPARM.txt (text/plain) in CBT.V505.FILE566.PDS, moved to PDS/GENPARM
2023-08-06 05:15:10.794864 - Found IGC0024B.txt (text/plain) in CBT.V505.FILE566.PDS, moved to PDS/IGC0024B
2023-08-06 05:15:10.795797 - Found IKJTPVT.txt (text/plain) in CBT.V505.FILE566.PDS, moved to PDS/IKJTPVT
2023-08-06 05:15:10.796753 - Found IKJXPRM.txt (text/plain) in CBT.V505.FILE566.PDS, moved to PDS/IKJXPRM
2023-08-06 05:15:10.797643 - Found IOSDIOVT.txt (text/plain) in CBT.V505.FILE566.PDS, moved to PDS/IOSDIOVT
2023-08-06 05:15:10.798565 - Found KMBAPFBD.txt (text/plain) in CBT.V505.FILE566.PDS, moved to PDS/KMBAPFBD
2023-08-06 05:15:10.799548 - Found KMBAPFLB.txt (text/plain) in CBT.V505.FILE566.PDS, moved to PDS/KMBAPFLB
2023-08-06 05:15:10.800548 - Found KMBAPFLO.txt (text/plain) in CBT.V505.FILE566.PDS, moved to PDS/KMBAPFLO
2023-08-06 05:15:10.801541 - Found LNKLIST.txt (text/plain) in CBT.V505.FILE566.PDS, moved to PDS/LNKLIST
2023-08-06 05:15:10.802458 - Found LPALIST.txt (text/plain) in CBT.V505.FILE566.PDS, moved to PDS/LPALIST
2023-08-06 05:15:10.803426 - Found LPALIST$.jcl (text/plain) in CBT.V505.FILE566.PDS, moved to PDS/LPALIST$
2023-08-06 05:15:10.804338 - Found LPALISTO.txt (text/plain) in CBT.V505.FILE566.PDS, moved to PDS/LPALISTO
2023-08-06 05:15:10.805295 - Found MVSAREAS.txt (text/plain) in CBT.V505.FILE566.PDS, moved to PDS/MVSAREAS
2023-08-06 05:15:10.806209 - Found PRTDUMP.txt (text/plain) in CBT.V505.FILE566.PDS, moved to PDS/PRTDUMP
2023-08-06 05:15:10.807168 - Found PRTDUMPT.txt (text/plain) in CBT.V505.FILE566.PDS, moved to PDS/PRTDUMPT
2023-08-06 05:15:10.808021 - Found RELEASE.txt (text/plain) in CBT.V505.FILE566.PDS, moved to PDS/RELEASE
2023-08-06 05:15:10.808837 - Found RTAPE.txt (text/plain) in CBT.V505.FILE566.PDS, moved to PDS/RTAPE
2023-08-06 05:15:10.809768 - Found RTAPE2.txt (text/plain) in CBT.V505.FILE566.PDS, moved to PDS/RTAPE2
2023-08-06 05:15:10.810772 - Found SPY.txt (text/plain) in CBT.V505.FILE566.PDS, moved to PDS/SPY
2023-08-06 05:15:10.811704 - Found SQAMON.txt (text/plain) in CBT.V505.FILE566.PDS, moved to PDS/SQAMON
2023-08-06 05:15:10.812634 - Found STPCOND.txt (text/plain) in CBT.V505.FILE566.PDS, moved to PDS/STPCOND
2023-08-06 05:15:10.813574 - Found SWAREQ.txt (text/plain) in CBT.V505.FILE566.PDS, moved to PDS/SWAREQ
2023-08-06 05:15:10.814424 - Found SWAREQA.txt (text/plain) in CBT.V505.FILE566.PDS, moved to PDS/SWAREQA
2023-08-06 05:15:10.815319 - Found TSOB.rexx (text/plain) in CBT.V505.FILE566.PDS, moved to PDS/TSOB
2023-08-06 05:15:10.816246 - Found TSOE.rexx (text/plain) in CBT.V505.FILE566.PDS, moved to PDS/TSOE
2023-08-06 05:15:10.817195 - Found TSOR.rexx (text/plain) in CBT.V505.FILE566.PDS, moved to PDS/TSOR
2023-08-06 05:15:10.818109 - Found TSOV.rexx (text/plain) in CBT.V505.FILE566.PDS, moved to PDS/TSOV
2023-08-06 05:15:10.819142 - Found WAITTIME.txt (text/plain) in CBT.V505.FILE566.PDS, moved to PDS/WAITTIME
2023-08-06 05:15:10.820103 - Found WLMREXX.rexx (text/plain) in CBT.V505.FILE566.PDS, moved to PDS/WLMREXX
2023-08-06 05:15:10.821182 - Found ZAPDSCB.txt (text/plain) in CBT.V505.FILE566.PDS, moved to PDS/ZAPDSCB
2023-08-06 05:15:10.822141 - Found ZAPDSCB$.jcl (text/plain) in CBT.V505.FILE566.PDS, moved to PDS/ZAPDSCB$
2023-08-06 05:15:10.823104 - Found ZAPDSCB#.txt (text/plain) in CBT.V505.FILE566.PDS, moved to PDS/ZAPDSCB#
2023-08-06 05:15:10.824157 - Found ZAPDSCBA.txt (text/plain) in CBT.V505.FILE566.PDS, moved to PDS/ZAPDSCBA
2023-08-06 05:15:10.825244 - Found ZAPDSCB2.txt (text/plain) in CBT.V505.FILE566.PDS, moved to PDS/ZAPDSCB2
2023-08-06 05:15:10.826225 - Found ZAPDSCB3.txt (text/plain) in CBT.V505.FILE566.PDS, moved to PDS/ZAPDSCB3
